Arguments: 
  D:\Program Files\nodejs\node.exe C:\Users\junhanchen\AppData\Roaming\npm\node_modules\yarn\bin\yarn.js

PATH: 
  D:\Program Files\Python38\Scripts\;D:\Program Files\Python38\;D:\Program Files (x86)\NetSarang\Xshell 6\;C:\Windows\system32;C:\Windows;C:\Windows\System32\Wbem;C:\Windows\System32\WindowsPowerShell\v1.0\;C:\Program Files\Git\cmd;C:\Program Files (x86)\NVIDIA Corporation\PhysX\Common;C:\Program Files\NVIDIA Corporation\NVIDIA NvDLISR;D:\Program Files\nodejs\;C:\Users\junhanchen\AppData\Local\Yarn\bin;D:\Program Files\python3.7.9\Scripts\;D:\Program Files\python3.7.9\;D:\Users\junhanchen\AppData\Local\Programs\Microsoft VS Code\bin;C:\Users\junhanchen\AppData\Roaming\npm;D:\Users\junhanchen\AppData\Local\Programs\Fiddler

Yarn version: 
  1.22.4

Node version: 
  12.18.3

Platform: 
  win32 x64

Trace: 
  Error: ENOENT: no such file or directory, copyfile 'C:\Users\junhanchen\AppData\Local\Yarn\Cache\v6\npm-inherits-2.0.1-b17d08d326b4423e568eff719f91b0b1cbdf69f1-integrity\node_modules\inherits\package.json' -> 'E:\chenjunhan\test\webpack-staging\node_modules\assert\node_modules\inherits\package.json'

npm manifest: 
  {
    "name": "webpack-staging",
    "version": "1.0.0",
    "description": "",
    "main": "index.js",
    "scripts": {
      "test": "echo \"Error: no test specified\" && exit 1",
      "start": "webpack-dev-server --inline --hot --config webpack/webpack.config.development.js --watch",
      "build": "webpack --config webpack/webpack.config.production.js"
    },
    "keywords": [
      "webpack"
    ],
    "author": "ChenJunhan",
    "license": "ISC",
    "devDependencies": {
      "autoprefixer": "^9.1.2",
      "babel-core": "^6.26.3",
      "babel-loader": "^7.1.5",
      "clean-webpack-plugin": "^0.1.19",
      "css-loader": "^1.0.0",
      "extract-text-webpack-plugin": "^4.0.0-beta.0",
      "file-loader": "^1.1.11",
      "html-loader": "^0.5.5",
      "html-webpack-plugin": "^3.2.0",
      "imagemin-webpack-plugin": "^2.2.0",
      "less": "^3.8.1",
      "less-loader": "^4.1.0",
      "postcss-loader": "^3.0.0",
      "style-loader": "^0.22.1",
      "uglifyjs-webpack-plugin": "^1.3.0",
      "url-loader": "^0.5.9",
      "webpack": "^4.16.5",
      "webpack-cli": "^3.1.0",
      "webpack-dev-server": "^3.1.5",
      "webpack-spritesmith": "^0.5.2"
    },
    "dependencies": {
      "jquery": "^3.3.1"
    }
  }

yarn manifest: 
  No manifest

Lockfile: 
  No lockfile
